<?xml version="1.0" encoding="UTF-8"?>
<testng-results ignored="0" total="1" passed="1" failed="0" skipped="0">
  <reporter-output>
  </reporter-output>
  <suite started-at="2023-03-02T14:01:56 IST" name="Default suite" finished-at="2023-03-02T14:02:00 IST" duration-ms="4079">
    <groups>
    </groups>
    <test started-at="2023-03-02T14:01:56 IST" name="Default test" finished-at="2023-03-02T14:02:00 IST" duration-ms="4079">
      <class name="Practise.RequestSpecBuil">
        <test-method signature="reqSpecBuil()[pri:0, instance:Practise.RequestSpecBuil@1018bde2]" started-at="2023-03-02T14:01:56 IST" name="reqSpecBuil" finished-at="2023-03-02T14:02:00 IST" duration-ms="4051" status="PASS">
          <reporter-output>
          </reporter-output>
        </test-method> <!-- reqSpecBuil -->
      </class> <!-- Practise.RequestSpecBuil -->
    </test> <!-- Default test -->
  </suite> <!-- Default suite -->
</testng-results>
